SCRIPT: RUNME_BUTTERFLY
=======================

Loading butterfly gyroscope benchmark problem.
----------------------------------------------
1a. Instantiate flQuadBTSampler class.
--------------------------------------
1b. Instantiate GeneralizedQuadBTReductor class.
------------------------------------------------
1c. COMPUTING DATA AND LOEWNER QUADRUPLE.
-----------------------------------------
CONSTRUCTING Lbar.
------------------
Initiating structured linear solve
----------------------------------
Structured solve finished in 0.60 s
-----------------------------------------
Initiating structured linear solve
----------------------------------
Structured solve finished in 0.50 s
-----------------------------------------
Initiating structured linear solve
----------------------------------
Structured solve finished in 0.49 s
-----------------------------------------
Initiating structured linear solve
----------------------------------
Structured solve finished in 0.52 s
-----------------------------------------
Initiating structured linear solve
----------------------------------
Structured solve finished in 0.49 s
-----------------------------------------
Initiating structured linear solve
----------------------------------
Structured solve finished in 0.56 s
-----------------------------------------
Initiating structured linear solve
----------------------------------
Structured solve finished in 0.49 s
-----------------------------------------
Initiating structured linear solve
----------------------------------
Structured solve finished in 0.49 s
-----------------------------------------
Initiating structured linear solve
----------------------------------
Structured solve finished in 0.53 s
-----------------------------------------
Initiating structured linear solve
----------------------------------
Structured solve finished in 0.63 s
-----------------------------------------
Initiating structured linear solve
----------------------------------
Structured solve finished in 0.50 s
-----------------------------------------
Initiating structured linear solve
----------------------------------
Structured solve finished in 0.48 s
-----------------------------------------
Initiating structured linear solve
----------------------------------
Structured solve finished in 0.51 s
-----------------------------------------
Initiating structured linear solve
----------------------------------
Structured solve finished in 0.57 s
-----------------------------------------
Initiating structured linear solve
----------------------------------
Structured solve finished in 0.48 s
-----------------------------------------
Initiating structured linear solve
----------------------------------
Structured solve finished in 0.50 s
-----------------------------------------
Initiating structured linear solve
----------------------------------
Structured solve finished in 0.49 s
-----------------------------------------
Initiating structured linear solve
----------------------------------
Structured solve finished in 0.49 s
-----------------------------------------
Initiating structured linear solve
----------------------------------
Structured solve finished in 0.57 s
-----------------------------------------
Initiating structured linear solve
----------------------------------
Structured solve finished in 0.50 s
-----------------------------------------
Initiating structured linear solve
----------------------------------
Structured solve finished in 0.49 s
-----------------------------------------
Initiating structured linear solve
----------------------------------
Structured solve finished in 0.48 s
-----------------------------------------
Initiating structured linear solve
----------------------------------
Structured solve finished in 0.61 s
-----------------------------------------
Initiating structured linear solve
----------------------------------
Structured solve finished in 0.48 s
-----------------------------------------
Initiating structured linear solve
----------------------------------
Structured solve finished in 0.47 s
-----------------------------------------
Initiating structured linear solve
----------------------------------
Structured solve finished in 0.49 s
-----------------------------------------
Initiating structured linear solve
----------------------------------
Structured solve finished in 0.53 s
-----------------------------------------
Initiating structured linear solve
----------------------------------
Structured solve finished in 0.48 s
-----------------------------------------
Initiating structured linear solve
----------------------------------
Structured solve finished in 0.48 s
-----------------------------------------
Initiating structured linear solve
----------------------------------
Structured solve finished in 0.48 s
-----------------------------------------
Initiating structured linear solve
----------------------------------
Structured solve finished in 0.51 s
-----------------------------------------
Initiating structured linear solve
----------------------------------
Structured solve finished in 0.56 s
-----------------------------------------
Initiating structured linear solve
----------------------------------
Structured solve finished in 0.48 s
-----------------------------------------
Initiating structured linear solve
----------------------------------
Structured solve finished in 0.48 s
-----------------------------------------
Initiating structured linear solve
----------------------------------
Structured solve finished in 0.47 s
-----------------------------------------
Initiating structured linear solve
----------------------------------
Structured solve finished in 0.55 s
-----------------------------------------
Initiating structured linear solve
----------------------------------
Structured solve finished in 0.48 s
-----------------------------------------
Initiating structured linear solve
----------------------------------
Structured solve finished in 0.48 s
-----------------------------------------
Initiating structured linear solve
----------------------------------
Structured solve finished in 0.50 s
-----------------------------------------
Initiating structured linear solve
----------------------------------
Structured solve finished in 0.52 s
-----------------------------------------
Initiating structured linear solve
----------------------------------
Structured solve finished in 0.51 s
-----------------------------------------
Initiating structured linear solve
----------------------------------
Structured solve finished in 0.58 s
-----------------------------------------
Initiating structured linear solve
----------------------------------
Structured solve finished in 0.67 s
-----------------------------------------
Initiating structured linear solve
----------------------------------
Structured solve finished in 0.55 s
-----------------------------------------
Initiating structured linear solve
----------------------------------
Structured solve finished in 0.49 s
-----------------------------------------
Initiating structured linear solve
----------------------------------
Structured solve finished in 0.49 s
-----------------------------------------
Initiating structured linear solve
----------------------------------
Structured solve finished in 0.49 s
-----------------------------------------
Initiating structured linear solve
----------------------------------
Structured solve finished in 0.50 s
-----------------------------------------
Initiating structured linear solve
----------------------------------
Structured solve finished in 0.54 s
-----------------------------------------
Initiating structured linear solve
----------------------------------
Structured solve finished in 0.52 s
-----------------------------------------
Initiating structured linear solve
----------------------------------
Structured solve finished in 0.49 s
-----------------------------------------
Initiating structured linear solve
----------------------------------
Structured solve finished in 0.51 s
-----------------------------------------
Initiating structured linear solve
----------------------------------
Structured solve finished in 0.53 s
-----------------------------------------
Initiating structured linear solve
----------------------------------
Structured solve finished in 0.48 s
-----------------------------------------
Initiating structured linear solve
----------------------------------
Structured solve finished in 0.58 s
-----------------------------------------
Initiating structured linear solve
----------------------------------
Structured solve finished in 0.49 s
-----------------------------------------
Initiating structured linear solve
----------------------------------
Structured solve finished in 0.57 s
-----------------------------------------
Initiating structured linear solve
----------------------------------
Structured solve finished in 0.51 s
-----------------------------------------
Initiating structured linear solve
----------------------------------
Structured solve finished in 0.51 s
-----------------------------------------
Initiating structured linear solve
----------------------------------
Structured solve finished in 0.49 s
-----------------------------------------
Initiating structured linear solve
----------------------------------
Structured solve finished in 0.75 s
-----------------------------------------
Initiating structured linear solve
----------------------------------
Structured solve finished in 0.52 s
-----------------------------------------
Initiating structured linear solve
----------------------------------
Structured solve finished in 0.49 s
-----------------------------------------
Initiating structured linear solve
----------------------------------
Structured solve finished in 0.55 s
-----------------------------------------
Initiating structured linear solve
----------------------------------
Structured solve finished in 0.55 s
-----------------------------------------
Initiating structured linear solve
----------------------------------
Structured solve finished in 0.48 s
-----------------------------------------
Initiating structured linear solve
----------------------------------
Structured solve finished in 0.49 s
-----------------------------------------
Initiating structured linear solve
----------------------------------
Structured solve finished in 0.58 s
-----------------------------------------
Initiating structured linear solve
----------------------------------
Structured solve finished in 0.57 s
-----------------------------------------
Initiating structured linear solve
----------------------------------
Structured solve finished in 0.51 s
-----------------------------------------
Initiating structured linear solve
----------------------------------
Structured solve finished in 0.49 s
-----------------------------------------
Initiating structured linear solve
----------------------------------
Structured solve finished in 0.55 s
-----------------------------------------
Initiating structured linear solve
----------------------------------
Structured solve finished in 0.56 s
-----------------------------------------
Initiating structured linear solve
----------------------------------
Structured solve finished in 0.50 s
-----------------------------------------
Initiating structured linear solve
----------------------------------
Structured solve finished in 0.51 s
-----------------------------------------
Initiating structured linear solve
----------------------------------
Structured solve finished in 0.48 s
-----------------------------------------
Initiating structured linear solve
----------------------------------
Structured solve finished in 0.47 s
-----------------------------------------
Initiating structured linear solve
----------------------------------
Structured solve finished in 0.54 s
-----------------------------------------
Initiating structured linear solve
----------------------------------
Structured solve finished in 0.49 s
-----------------------------------------
Initiating structured linear solve
----------------------------------
Structured solve finished in 0.49 s
-----------------------------------------
Initiating structured linear solve
----------------------------------
Structured solve finished in 0.51 s
-----------------------------------------
Initiating structured linear solve
----------------------------------
Structured solve finished in 0.60 s
-----------------------------------------
Initiating structured linear solve
----------------------------------
Structured solve finished in 0.49 s
-----------------------------------------
Initiating structured linear solve
----------------------------------
Structured solve finished in 0.48 s
-----------------------------------------
Initiating structured linear solve
----------------------------------
Structured solve finished in 0.48 s
-----------------------------------------
Initiating structured linear solve
----------------------------------
Structured solve finished in 0.54 s
-----------------------------------------
Initiating structured linear solve
----------------------------------
Structured solve finished in 0.50 s
-----------------------------------------
Initiating structured linear solve
----------------------------------
Structured solve finished in 0.48 s
-----------------------------------------
Initiating structured linear solve
----------------------------------
Structured solve finished in 0.47 s
-----------------------------------------
Initiating structured linear solve
----------------------------------
Structured solve finished in 0.48 s
-----------------------------------------
Initiating structured linear solve
----------------------------------
Structured solve finished in 0.55 s
-----------------------------------------
Initiating structured linear solve
----------------------------------
Structured solve finished in 0.49 s
-----------------------------------------
Initiating structured linear solve
----------------------------------
Structured solve finished in 0.49 s
-----------------------------------------
Initiating structured linear solve
----------------------------------
Structured solve finished in 0.50 s
-----------------------------------------
Initiating structured linear solve
----------------------------------
Structured solve finished in 0.54 s
-----------------------------------------
Initiating structured linear solve
----------------------------------
Structured solve finished in 0.48 s
-----------------------------------------
Initiating structured linear solve
----------------------------------
Structured solve finished in 0.50 s
-----------------------------------------
Initiating structured linear solve
----------------------------------
Structured solve finished in 0.63 s
-----------------------------------------
Initiating structured linear solve
----------------------------------
